Performing C SOURCE FILE Test CMAKE_HAVE_LIBC_PTHREAD failed with the following output:
Change Dir: /home/amritha/Project/Operator/mat_mul/build/CMakeFiles/CMakeTmp

Run Build Command(s):/usr/bin/make cmTC_eceee/fast && /usr/bin/make  -f CMakeFiles/cmTC_eceee.dir/build.make CMakeFiles/cmTC_eceee.dir/build
make[1]: Entering directory '/home/amritha/Project/Operator/mat_mul/build/CMakeFiles/CMakeTmp'
Building C object CMakeFiles/cmTC_eceee.dir/src.c.o
/usr/bin/cc   -DCMAKE_HAVE_LIBC_PTHREAD -o CMakeFiles/cmTC_eceee.dir/src.c.o -c /home/amritha/Project/Operator/mat_mul/build/CMakeFiles/CMakeTmp/src.c
Linking C executable cmTC_eceee
/usr/local/bin/cmake -E cmake_link_script CMakeFiles/cmTC_eceee.dir/link.txt --verbose=1
/usr/bin/cc  -DCMAKE_HAVE_LIBC_PTHREAD -rdynamic CMakeFiles/cmTC_eceee.dir/src.c.o -o cmTC_eceee 
/usr/bin/ld: CMakeFiles/cmTC_eceee.dir/src.c.o: in function `main':
src.c:(.text+0x46): undefined reference to `pthread_create'
/usr/bin/ld: src.c:(.text+0x52): undefined reference to `pthread_detach'
/usr/bin/ld: src.c:(.text+0x5e): undefined reference to `pthread_cancel'
/usr/bin/ld: src.c:(.text+0x6f): undefined reference to `pthread_join'
collect2: error: ld returned 1 exit status
make[1]: *** [CMakeFiles/cmTC_eceee.dir/build.make:106: cmTC_eceee] Error 1
make[1]: Leaving directory '/home/amritha/Project/Operator/mat_mul/build/CMakeFiles/CMakeTmp'
make: *** [Makefile:140: cmTC_eceee/fast] Error 2


Source file was:
#include <pthread.h>

void* test_func(void* data)
{
  return data;
}

int main(void)
{
  pthread_t thread;
  pthread_create(&thread, NULL, test_func, NULL);
  pthread_detach(thread);
  pthread_cancel(thread);
  pthread_join(thread, NULL);
  pthread_atfork(NULL, NULL, NULL);
  pthread_exit(NULL);

  return 0;
}

Determining if the function pthread_create exists in the pthreads failed with the following output:
Change Dir: /home/amritha/Project/Operator/mat_mul/build/CMakeFiles/CMakeTmp

Run Build Command(s):/usr/bin/make cmTC_3bb96/fast && /usr/bin/make  -f CMakeFiles/cmTC_3bb96.dir/build.make CMakeFiles/cmTC_3bb96.dir/build
make[1]: Entering directory '/home/amritha/Project/Operator/mat_mul/build/CMakeFiles/CMakeTmp'
Building C object CMakeFiles/cmTC_3bb96.dir/CheckFunctionExists.c.o
/usr/bin/cc   -DCHECK_FUNCTION_EXISTS=pthread_create -o CMakeFiles/cmTC_3bb96.dir/CheckFunctionExists.c.o -c /usr/local/share/cmake-3.18/Modules/CheckFunctionExists.c
Linking C executable cmTC_3bb96
/usr/local/bin/cmake -E cmake_link_script CMakeFiles/cmTC_3bb96.dir/link.txt --verbose=1
/usr/bin/cc  -DCHECK_FUNCTION_EXISTS=pthread_create -rdynamic CMakeFiles/cmTC_3bb96.dir/CheckFunctionExists.c.o -o cmTC_3bb96  -lpthreads 
/usr/bin/ld: cannot find -lpthreads
collect2: error: ld returned 1 exit status
make[1]: *** [CMakeFiles/cmTC_3bb96.dir/build.make:106: cmTC_3bb96] Error 1
make[1]: Leaving directory '/home/amritha/Project/Operator/mat_mul/build/CMakeFiles/CMakeTmp'
make: *** [Makefile:140: cmTC_3bb96/fast] Error 2



