Performing C SOURCE FILE Test CMAKE_HAVE_LIBC_PTHREAD failed with the following output:
Change Dir: /home/amritha/Project/Operator/distrib/build/CMakeFiles/CMakeTmp

Run Build Command(s):/usr/bin/gmake -f Makefile cmTC_6e891/fast && /usr/bin/gmake  -f CMakeFiles/cmTC_6e891.dir/build.make CMakeFiles/cmTC_6e891.dir/build
gmake[1]: Entering directory '/home/amritha/Project/Operator/distrib/build/CMakeFiles/CMakeTmp'
Building C object CMakeFiles/cmTC_6e891.dir/src.c.o
/usr/bin/cc -DCMAKE_HAVE_LIBC_PTHREAD   -o CMakeFiles/cmTC_6e891.dir/src.c.o -c /home/amritha/Project/Operator/distrib/build/CMakeFiles/CMakeTmp/src.c
Linking C executable cmTC_6e891
/home/amritha/Project/posenv/lib/python3.6/site-packages/cmake/data/bin/cmake -E cmake_link_script CMakeFiles/cmTC_6e891.dir/link.txt --verbose=1
/usr/bin/cc -rdynamic CMakeFiles/cmTC_6e891.dir/src.c.o -o cmTC_6e891 
CMakeFiles/cmTC_6e891.dir/src.c.o: In function `main':
src.c:(.text+0x3e): undefined reference to `pthread_create'
src.c:(.text+0x4a): undefined reference to `pthread_detach'
src.c:(.text+0x56): undefined reference to `pthread_cancel'
src.c:(.text+0x67): undefined reference to `pthread_join'
src.c:(.text+0x7b): undefined reference to `pthread_atfork'
collect2: error: ld returned 1 exit status
CMakeFiles/cmTC_6e891.dir/build.make:98: recipe for target 'cmTC_6e891' failed
gmake[1]: *** [cmTC_6e891] Error 1
gmake[1]: Leaving directory '/home/amritha/Project/Operator/distrib/build/CMakeFiles/CMakeTmp'
Makefile:127: recipe for target 'cmTC_6e891/fast' failed
gmake: *** [cmTC_6e891/fast] Error 2


Source file was:
#include <pthread.h>

static void* test_func(void* data)
{
  return data;
}

int main(void)
{
  pthread_t thread;
  pthread_create(&thread, NULL, test_func, NULL);
  pthread_detach(thread);
  pthread_cancel(thread);
  pthread_join(thread, NULL);
  pthread_atfork(NULL, NULL, NULL);
  pthread_exit(NULL);

  return 0;
}

Determining if the function pthread_create exists in the pthreads failed with the following output:
Change Dir: /home/amritha/Project/Operator/distrib/build/CMakeFiles/CMakeTmp

Run Build Command(s):/usr/bin/gmake -f Makefile cmTC_994c7/fast && /usr/bin/gmake  -f CMakeFiles/cmTC_994c7.dir/build.make CMakeFiles/cmTC_994c7.dir/build
gmake[1]: Entering directory '/home/amritha/Project/Operator/distrib/build/CMakeFiles/CMakeTmp'
Building C object CMakeFiles/cmTC_994c7.dir/CheckFunctionExists.c.o
/usr/bin/cc   -DCHECK_FUNCTION_EXISTS=pthread_create -o CMakeFiles/cmTC_994c7.dir/CheckFunctionExists.c.o -c /home/amritha/Project/posenv/lib/python3.6/site-packages/cmake/data/share/cmake-3.22/Modules/CheckFunctionExists.c
Linking C executable cmTC_994c7
/home/amritha/Project/posenv/lib/python3.6/site-packages/cmake/data/bin/cmake -E cmake_link_script CMakeFiles/cmTC_994c7.dir/link.txt --verbose=1
/usr/bin/cc  -DCHECK_FUNCTION_EXISTS=pthread_create -rdynamic CMakeFiles/cmTC_994c7.dir/CheckFunctionExists.c.o -o cmTC_994c7  -lpthreads 
/usr/bin/ld: cannot find -lpthreads
collect2: error: ld returned 1 exit status
CMakeFiles/cmTC_994c7.dir/build.make:98: recipe for target 'cmTC_994c7' failed
gmake[1]: *** [cmTC_994c7] Error 1
gmake[1]: Leaving directory '/home/amritha/Project/Operator/distrib/build/CMakeFiles/CMakeTmp'
Makefile:127: recipe for target 'cmTC_994c7/fast' failed
gmake: *** [cmTC_994c7/fast] Error 2



