Performing C SOURCE FILE Test CMAKE_HAVE_LIBC_PTHREAD failed with the following output:
Change Dir: /home/amritha/Project/Operator/posit_add/build/CMakeFiles/CMakeTmp

Run Build Command(s):/usr/bin/gmake -f Makefile cmTC_46f10/fast && /usr/bin/gmake  -f CMakeFiles/cmTC_46f10.dir/build.make CMakeFiles/cmTC_46f10.dir/build
gmake[1]: Entering directory '/home/amritha/Project/Operator/posit_add/build/CMakeFiles/CMakeTmp'
Building C object CMakeFiles/cmTC_46f10.dir/src.c.o
/usr/bin/gcc-8 -DCMAKE_HAVE_LIBC_PTHREAD   -o CMakeFiles/cmTC_46f10.dir/src.c.o -c /home/amritha/Project/Operator/posit_add/build/CMakeFiles/CMakeTmp/src.c
Linking C executable cmTC_46f10
/home/amritha/Project/posenv/lib/python3.6/site-packages/cmake/data/bin/cmake -E cmake_link_script CMakeFiles/cmTC_46f10.dir/link.txt --verbose=1
/usr/bin/gcc-8 -rdynamic CMakeFiles/cmTC_46f10.dir/src.c.o -o cmTC_46f10 
CMakeFiles/cmTC_46f10.dir/src.c.o: In function `main':
src.c:(.text+0x3e): undefined reference to `pthread_create'
src.c:(.text+0x4a): undefined reference to `pthread_detach'
src.c:(.text+0x56): undefined reference to `pthread_cancel'
src.c:(.text+0x67): undefined reference to `pthread_join'
src.c:(.text+0x7b): undefined reference to `pthread_atfork'
collect2: error: ld returned 1 exit status
CMakeFiles/cmTC_46f10.dir/build.make:98: recipe for target 'cmTC_46f10' failed
gmake[1]: *** [cmTC_46f10] Error 1
gmake[1]: Leaving directory '/home/amritha/Project/Operator/posit_add/build/CMakeFiles/CMakeTmp'
Makefile:127: recipe for target 'cmTC_46f10/fast' failed
gmake: *** [cmTC_46f10/fast] Error 2


Source file was:
#include <pthread.h>

static void* test_func(void* data)
{
  return data;
}

int main(void)
{
  pthread_t thread;
  pthread_create(&thread, NULL, test_func, NULL);
  pthread_detach(thread);
  pthread_cancel(thread);
  pthread_join(thread, NULL);
  pthread_atfork(NULL, NULL, NULL);
  pthread_exit(NULL);

  return 0;
}

Determining if the function pthread_create exists in the pthreads failed with the following output:
Change Dir: /home/amritha/Project/Operator/posit_add/build/CMakeFiles/CMakeTmp

Run Build Command(s):/usr/bin/gmake -f Makefile cmTC_e08d4/fast && /usr/bin/gmake  -f CMakeFiles/cmTC_e08d4.dir/build.make CMakeFiles/cmTC_e08d4.dir/build
gmake[1]: Entering directory '/home/amritha/Project/Operator/posit_add/build/CMakeFiles/CMakeTmp'
Building C object CMakeFiles/cmTC_e08d4.dir/CheckFunctionExists.c.o
/usr/bin/gcc-8   -DCHECK_FUNCTION_EXISTS=pthread_create -o CMakeFiles/cmTC_e08d4.dir/CheckFunctionExists.c.o -c /home/amritha/Project/posenv/lib/python3.6/site-packages/cmake/data/share/cmake-3.22/Modules/CheckFunctionExists.c
Linking C executable cmTC_e08d4
/home/amritha/Project/posenv/lib/python3.6/site-packages/cmake/data/bin/cmake -E cmake_link_script CMakeFiles/cmTC_e08d4.dir/link.txt --verbose=1
/usr/bin/gcc-8  -DCHECK_FUNCTION_EXISTS=pthread_create -rdynamic CMakeFiles/cmTC_e08d4.dir/CheckFunctionExists.c.o -o cmTC_e08d4  -lpthreads 
/usr/bin/ld: cannot find -lpthreads
collect2: error: ld returned 1 exit status
CMakeFiles/cmTC_e08d4.dir/build.make:98: recipe for target 'cmTC_e08d4' failed
gmake[1]: *** [cmTC_e08d4] Error 1
gmake[1]: Leaving directory '/home/amritha/Project/Operator/posit_add/build/CMakeFiles/CMakeTmp'
Makefile:127: recipe for target 'cmTC_e08d4/fast' failed
gmake: *** [cmTC_e08d4/fast] Error 2



